2025-01-03 11:57:00 | WARN | repo=pv243-a4m36jee-2016-security-seminar | action=pull
2025-05-10 11:48:00 | DEBUG | repo=pv243-a4m36jee-2016-security-seminar | action=commit
2025-06-20 14:03:00 | WARN | repo=pv243-a4m36jee-2016-security-seminar | action=commit
2025-05-11 07:07:00 | DEBUG | repo=pv243-a4m36jee-2016-security-seminar | action=edit | files=4
2025-10-27 10:36:00 | DEBUG | repo=pv243-a4m36jee-2016-security-seminar | action=test | passed=true
2025-09-22 16:41:00 | INFO | repo=pv243-a4m36jee-2016-security-seminar | action=commit
2025-08-10 18:57:00 | INFO | repo=pv243-a4m36jee-2016-security-seminar | action=commit
2025-08-25 11:24:00 | DEBUG | repo=pv243-a4m36jee-2016-security-seminar | action=commit
2025-08-09 07:55:00 | DEBUG | repo=pv243-a4m36jee-2016-security-seminar | action=commit
2025-11-25 12:58:00 | DEBUG | repo=pv243-a4m36jee-2016-security-seminar | action=commit
2025-01-22 11:40:00 | DEBUG | repo=pv243-a4m36jee-2016-security-seminar | action=commit
2025-07-22 09:36:00 | DEBUG | repo=pv243-a4m36jee-2016-security-seminar | action=commit
2025-07-14 13:21:00 | DEBUG | repo=pv243-a4m36jee-2016-security-seminar | action=commit
2025-05-08 10:47:00 | WARN | repo=pv243-a4m36jee-2016-security-seminar | action=commit
2025-09-21 21:42:00 | INFO | repo=pv243-a4m36jee-2016-security-seminar | action=commit
2025-12-24 21:59:00 | DEBUG | repo=pv243-a4m36jee-2016-security-seminar | action=pull
2025-09-01 18:54:00 | WARN | repo=pv243-a4m36jee-2016-security-seminar | action=commit
2025-06-11 09:28:00 | WARN | repo=pv243-a4m36jee-2016-security-seminar | action=commit
2025-09-07 20:22:00 | DEBUG | repo=pv243-a4m36jee-2016-security-seminar | action=edit | files=5
2025-07-11 14:47:00 | DEBUG | repo=pv243-a4m36jee-2016-security-seminar | action=commit
2025-08-12 08:45:00 | INFO | repo=pv243-a4m36jee-2016-security-seminar | action=commit
2025-03-28 18:10:00 | WARN | repo=pv243-a4m36jee-2016-security-seminar | action=commit
2025-04-27 13:51:00 | WARN | repo=pv243-a4m36jee-2016-security-seminar | action=commit
2025-11-02 07:47:00 | INFO | repo=pv243-a4m36jee-2016-security-seminar | action=commit
2025-07-15 16:40:00 | INFO | repo=pv243-a4m36jee-2016-security-seminar | action=commit
2025-12-10 07:54:00 | DEBUG | repo=pv243-a4m36jee-2016-security-seminar | action=commit
2025-10-12 07:45:00 | WARN | repo=pv243-a4m36jee-2016-security-seminar | action=pull
2025-08-08 08:08:00 | DEBUG | repo=pv243-a4m36jee-2016-security-seminar | action=commit
2025-06-12 19:46:00 | WARN | repo=pv243-a4m36jee-2016-security-seminar | action=commit
2025-03-21 11:35:00 | INFO | repo=pv243-a4m36jee-2016-security-seminar | action=edit | files=2
2025-06-16 08:48:00 | WARN | repo=pv243-a4m36jee-2016-security-seminar | action=commit
2025-04-26 07:09:00 | DEBUG | repo=pv243-a4m36jee-2016-security-seminar | action=commit
2025-04-06 12:20:00 | INFO | repo=pv243-a4m36jee-2016-security-seminar | action=test | passed=true
2025-05-19 12:06:00 | WARN | repo=pv243-a4m36jee-2016-security-seminar | action=test | passed=true
2025-07-03 13:28:00 | WARN | repo=pv243-a4m36jee-2016-security-seminar | action=commit
2025-01-02 12:37:00 | WARN | repo=pv243-a4m36jee-2016-security-seminar | action=test | passed=true
2025-06-16 12:13:00 | WARN | repo=pv243-a4m36jee-2016-security-seminar | action=commit
2025-12-03 21:48:00 | DEBUG | repo=pv243-a4m36jee-2016-security-seminar | action=test | passed=true
2025-11-13 18:34:00 | DEBUG | repo=pv243-a4m36jee-2016-security-seminar | action=commit
2025-09-17 15:49:00 | WARN | repo=pv243-a4m36jee-2016-security-seminar | action=commit
2025-10-18 10:36:00 | WARN | repo=pv243-a4m36jee-2016-security-seminar | action=commit
2025-04-21 12:31:00 | WARN | repo=pv243-a4m36jee-2016-security-seminar | action=commit
2025-08-06 08:06:00 | INFO | repo=pv243-a4m36jee-2016-security-seminar | action=commit
2025-12-08 14:45:00 | DEBUG | repo=pv243-a4m36jee-2016-security-seminar | action=commit
2025-08-14 21:01:00 | INFO | repo=pv243-a4m36jee-2016-security-seminar | action=commit
2025-03-13 07:01:00 | DEBUG | repo=pv243-a4m36jee-2016-security-seminar | action=commit
2025-07-20 20:58:00 | DEBUG | repo=pv243-a4m36jee-2016-security-seminar | action=commit
2025-07-26 20:26:00 | WARN | repo=pv243-a4m36jee-2016-security-seminar | action=commit
2025-01-21 18:42:00 | DEBUG | repo=pv243-a4m36jee-2016-security-seminar | action=test | passed=true
2025-04-05 13:00:00 | DEBUG | repo=pv243-a4m36jee-2016-security-seminar | action=commit
2025-05-16 14:20:00 | WARN | repo=pv243-a4m36jee-2016-security-seminar | action=commit
2025-01-06 21:11:00 | WARN | repo=pv243-a4m36jee-2016-security-seminar | action=commit
2025-04-12 17:25:00 | DEBUG | repo=pv243-a4m36jee-2016-security-seminar | action=commit
2025-04-13 07:22:00 | INFO | repo=pv243-a4m36jee-2016-security-seminar | action=commit
2025-10-23 19:31:00 | INFO | repo=pv243-a4m36jee-2016-security-seminar | action=commit
2025-10-15 14:56:00 | INFO | repo=pv243-a4m36jee-2016-security-seminar | action=commit
2025-02-10 07:38:00 | WARN | repo=pv243-a4m36jee-2016-security-seminar | action=test | passed=true
2025-10-09 21:21:00 | INFO | repo=pv243-a4m36jee-2016-security-seminar | action=commit
2025-05-02 21:02:00 | INFO | repo=pv243-a4m36jee-2016-security-seminar | action=commit
2025-07-20 21:59:00 | DEBUG | repo=pv243-a4m36jee-2016-security-seminar | action=commit
2025-12-15 21:18:00 | INFO | repo=pv243-a4m36jee-2016-security-seminar | action=commit
2025-10-07 13:14:00 | DEBUG | repo=pv243-a4m36jee-2016-security-seminar | action=commit
2025-10-21 14:59:00 | DEBUG | repo=pv243-a4m36jee-2016-security-seminar | action=commit
2025-11-16 20:22:00 | WARN | repo=pv243-a4m36jee-2016-security-seminar | action=commit
2025-10-08 20:07:00 | WARN | repo=pv243-a4m36jee-2016-security-seminar | action=commit
2025-06-25 07:37:00 | WARN | repo=pv243-a4m36jee-2016-security-seminar | action=edit | files=3
2025-03-05 14:38:00 | DEBUG | repo=pv243-a4m36jee-2016-security-seminar | action=pull
2025-03-20 08:57:00 | WARN | repo=pv243-a4m36jee-2016-security-seminar | action=edit | files=2
2025-02-27 20:03:00 | WARN | repo=pv243-a4m36jee-2016-security-seminar | action=commit
2025-01-08 07:00:00 | DEBUG | repo=pv243-a4m36jee-2016-security-seminar | action=pull
2025-01-08 16:03:00 | DEBUG | repo=pv243-a4m36jee-2016-security-seminar | action=commit
2025-10-12 20:31:00 | WARN | repo=pv243-a4m36jee-2016-security-seminar | action=commit
2025-09-24 10:44:00 | DEBUG | repo=pv243-a4m36jee-2016-security-seminar | action=commit
2025-07-22 11:55:00 | INFO | repo=pv243-a4m36jee-2016-security-seminar | action=commit
2025-12-01 14:57:00 | WARN | repo=pv243-a4m36jee-2016-security-seminar | action=commit
2025-06-10 20:46:00 | WARN | repo=pv243-a4m36jee-2016-security-seminar | action=edit | files=2
2025-06-15 16:18:00 | INFO | repo=pv243-a4m36jee-2016-security-seminar | action=commit
2025-07-26 20:17:00 | INFO | repo=pv243-a4m36jee-2016-security-seminar | action=commit
2025-02-27 14:16:00 | WARN | repo=pv243-a4m36jee-2016-security-seminar | action=commit
2025-08-25 08:13:00 | INFO | repo=pv243-a4m36jee-2016-security-seminar | action=commit
2025-04-10 08:15:00 | WARN | repo=pv243-a4m36jee-2016-security-seminar | action=commit
2025-11-28 18:08:00 | INFO | repo=pv243-a4m36jee-2016-security-seminar | action=commit
2025-04-17 17:05:00 | WARN | repo=pv243-a4m36jee-2016-security-seminar | action=commit
2025-04-26 18:46:00 | DEBUG | repo=pv243-a4m36jee-2016-security-seminar | action=commit
2025-05-21 20:43:00 | WARN | repo=pv243-a4m36jee-2016-security-seminar | action=commit
2025-07-28 17:14:00 | WARN | repo=pv243-a4m36jee-2016-security-seminar | action=pull
2025-11-26 13:26:00 | WARN | repo=pv243-a4m36jee-2016-security-seminar | action=commit
2025-12-05 09:26:00 | DEBUG | repo=pv243-a4m36jee-2016-security-seminar | action=commit
2025-12-26 13:16:00 | WARN | repo=pv243-a4m36jee-2016-security-seminar | action=commit
2025-07-15 07:46:00 | INFO | repo=pv243-a4m36jee-2016-security-seminar | action=commit
2025-03-18 20:16:00 | DEBUG | repo=pv243-a4m36jee-2016-security-seminar | action=commit
2025-02-17 21:18:00 | DEBUG | repo=pv243-a4m36jee-2016-security-seminar | action=commit
2025-09-04 07:53:00 | WARN | repo=pv243-a4m36jee-2016-security-seminar | action=commit
2025-11-06 17:48:00 | WARN | repo=pv243-a4m36jee-2016-security-seminar | action=commit
2025-02-08 09:08:00 | WARN | repo=pv243-a4m36jee-2016-security-seminar | action=commit
2025-08-25 07:50:00 | DEBUG | repo=pv243-a4m36jee-2016-security-seminar | action=edit | files=4
2025-09-22 15:16:00 | DEBUG | repo=pv243-a4m36jee-2016-security-seminar | action=commit
2025-01-10 21:51:00 | INFO | repo=pv243-a4m36jee-2016-security-seminar | action=commit
2025-06-03 19:20:00 | INFO | repo=pv243-a4m36jee-2016-security-seminar | action=commit
2025-05-06 13:01:00 | INFO | repo=pv243-a4m36jee-2016-security-seminar | action=commit
2025-10-12 21:17:00 | INFO | repo=pv243-a4m36jee-2016-security-seminar | action=commit
2025-03-08 08:28:00 | INFO | repo=pv243-a4m36jee-2016-security-seminar | action=commit
2025-05-03 20:53:00 | WARN | repo=pv243-a4m36jee-2016-security-seminar | action=commit
2025-10-15 16:04:00 | DEBUG | repo=pv243-a4m36jee-2016-security-seminar | action=commit
2025-07-19 09:17:00 | DEBUG | repo=pv243-a4m36jee-2016-security-seminar | action=edit | files=1
2025-07-11 21:57:00 | DEBUG | repo=pv243-a4m36jee-2016-security-seminar | action=pull
2025-01-19 09:11:00 | INFO | repo=pv243-a4m36jee-2016-security-seminar | action=commit
2025-05-27 17:51:00 | DEBUG | repo=pv243-a4m36jee-2016-security-seminar | action=commit
2025-07-09 11:07:00 | WARN | repo=pv243-a4m36jee-2016-security-seminar | action=commit
2025-07-08 19:33:00 | DEBUG | repo=pv243-a4m36jee-2016-security-seminar | action=commit
2025-01-02 11:00:00 | WARN | repo=pv243-a4m36jee-2016-security-seminar | action=commit
2025-10-06 19:09:00 | INFO | repo=pv243-a4m36jee-2016-security-seminar | action=pull
2025-07-24 10:16:00 | WARN | repo=pv243-a4m36jee-2016-security-seminar | action=commit
2025-01-18 07:30:00 | DEBUG | repo=pv243-a4m36jee-2016-security-seminar | action=commit
2025-11-14 15:19:00 | WARN | repo=pv243-a4m36jee-2016-security-seminar | action=edit | files=2
2025-11-15 12:22:00 | WARN | repo=pv243-a4m36jee-2016-security-seminar | action=commit
2025-09-13 08:44:00 | DEBUG | repo=pv243-a4m36jee-2016-security-seminar | action=commit
2025-02-15 07:52:00 | WARN | repo=pv243-a4m36jee-2016-security-seminar | action=commit
2025-10-15 07:19:00 | DEBUG | repo=pv243-a4m36jee-2016-security-seminar | action=commit
2025-02-18 08:59:00 | INFO | repo=pv243-a4m36jee-2016-security-seminar | action=commit
2025-08-08 09:29:00 | WARN | repo=pv243-a4m36jee-2016-security-seminar | action=commit
2025-04-27 20:35:00 | INFO | repo=pv243-a4m36jee-2016-security-seminar | action=pull
2025-08-13 19:39:00 | INFO | repo=pv243-a4m36jee-2016-security-seminar | action=test | passed=true
2025-06-22 20:38:00 | DEBUG | repo=pv243-a4m36jee-2016-security-seminar | action=edit | files=3
2025-03-25 16:23:00 | DEBUG | repo=pv243-a4m36jee-2016-security-seminar | action=test | passed=true
2025-12-19 08:55:00 | DEBUG | repo=pv243-a4m36jee-2016-security-seminar | action=commit
